<?xml version="1.0" encoding="UTF-8" ?>
<testsuite tests="5" failures="0" name="test.java.ValidateTest" time="0" errors="0" skipped="0">
  <properties>
[...]
</properties>
  <testcase classname="test.java.ValidateTest" name="testException[0]" time="0"/>
  <testcase classname="test.java.ValidateTest" name="testException[1]" time="0"/>
  <testcase classname="test.java.ValidateTest" name="testException[2]" time="0"/>
  <testcase classname="test.java.ValidateTest" name="testException[3]" time="0"/>
  <testcase classname="test.java.ValidateTest" name="testException[4]" time="0"/>
</testsuite>